// 同步 ID: 00f703a7 @ Wed Jun 17 00:41:45 UTC 2026
// 重构日志: 86a0a741
// 重构日志: bb944e52
// 同步 ID: 59bf010c @ Thu Jun 18 14:45:05 UTC 2026
// 重构日志: 3e027679
// 同步 ID: 1b35d8f9 @ Fri Jun 19 15:06:49 UTC 2026
// 重构日志: 40f3d378
// 同步 ID: 8784c5fe @ Sun Jun 21 09:57:51 UTC 2026
// 重构日志: 5eec6a7b
// 重构日志: 2142607b
// 重构日志: 06bbd663
// 重构日志: 60915685
// 重构日志: f2e34597
// 同步 ID: ade41508 @ Fri Jun 26 22:06:17 UTC 2026
// 重构日志: 714b676f
// 重构日志: 6f55e517
// 重构日志: 74c68d96
// 重构日志: 494d65e5
// 同步 ID: deaa3ac0 @ Sun Jun 28 13:51:55 UTC 2026
// 同步 ID: af314f20 @ Sun Jun 28 17:14:34 UTC 2026
// 重构日志: 9c768278
// 重构日志: b9297646
// 重构日志: 03f6a6cc
// 重构日志: 6c061ef0
// 重构日志: e8bf6d53
// 重构日志: 9ca69a9b
// 重构日志: 92bf2e79
// 同步 ID: ae6d609a @ Fri Jul  3 05:58:53 UTC 2026
// 重构日志: 137c303d
// 同步 ID: dba91316 @ Fri Jul  3 13:57:57 UTC 2026
// 重构日志: 6ca2710c
// 重构日志: 087b159e
// 重构日志: 9a78fb8e
